<?xml version="1.0" encoding="UTF-8"?>
<!-- Generated by org.testng.reporters.JUnitReportReporter -->
<testsuite skipped="0" hostname="Navdeep-Laptop" name="TestCases.LoginTest" tests="2" failures="0" timestamp="17 Feb 2021 15:52:25 GMT" time="12.701" errors="0">
  <testcase name="LoginDet" time="12.624" classname="TestCases.LoginTest"/>
  <testcase name="Checktitle" time="0.077" classname="TestCases.LoginTest"/>
</testsuite> <!-- TestCases.LoginTest -->
