<?xml version="1.0" encoding="UTF-8"?>
<!-- Generated by org.testng.reporters.JUnitReportReporter -->
<testsuite skipped="0" hostname="Navdeep-Laptop" name="TestCases.LoginTest" tests="2" failures="0" timestamp="03 Mar 2021 15:33:23 GMT" time="9.954" errors="0">
  <testcase name="Checktitle" time="0.048" classname="TestCases.LoginTest"/>
  <testcase name="LoginDet" time="9.906" classname="TestCases.LoginTest"/>
</testsuite> <!-- TestCases.LoginTest -->
